ACT1
AIM11
APE2
APS3
ARP2
ARP9
BET1
BET4
BIG1
BOS1
CGI121
CIN2
CMC2
CMC4
CNB1
COF1
COX5B
CPT1
DBP2
DID4
DTD1
ECM33
EPT1
ERD2
ERV1
ERV41
GCR1
GIM4
GIM5
GLC7
GOT1
GPI15
HNT1
HNT2
HRB1
IWR1
KEI1
KIN28
LSB3
LSM2
LSM7
MAF1
MCM21
MMS2
MOB1
MOB2
MPT5
MRPL44
MUD1
NCB2
NCE101
NMD2
NSP1
NYV1
OM14
OST5
PBA1
PCC1
PFY1
PHO85
PMI40
POP8
PRE3
PSP2
PTC7
QCR10
QCR9
RFA2
RIM1
RPL13A
RPL13B
RPL14A
RPL14B
RPL16A
RPL16B
RPL17A
RPL17B
RPL18A
RPL18B
RPL19A
RPL19B
RPL20A
RPL20B
RPL21A
RPL21B
RPL22A
RPL22B
RPL23A
RPL23B
RPL25
RPL26A
RPL26B
RPL27A
RPL27B
RPL28
RPL2A
RPL2B
RPL30
RPL31A
RPL31B
RPL33A
RPL33B
RPL34A
RPL34B
RPL35A
RPL35B
RPL36A
RPL36B
RPL37A
RPL37B
RPL39
RPL40A
RPL40B
RPL42A
RPL42B
RPL43A
RPL43B
RPL6A
RPL6B
RPO26
RPP1B
RPS0A
RPS0B
RPS10A
RPS10B
RPS11A
RPS11B
RPS13
RPS14A
RPS14B
RPS16A
RPS16B
RPS17A
RPS17B
RPS18A
RPS18B
RPS19A
RPS19B
RPS21A
RPS21B
RPS23A
RPS23B
RPS24A
RPS24B
RPS27A
RPS27B
RPS30A
RPS30B
RPS4A
RPS4B
RPS6A
RPS6B
RPS7A
RPS7B
RPS9A
RPS9B
RRT8
RUB1
SAC6
SAR1
SCS22
SEC14
SEC17
SEC27
SFT1
SMD2
SNC1
SPT14
SRB2
STO1
TAF14
TAN1
TDA5
TMA20
TUB1
TUB3
UBC12
UBC13
UBC4
UBC9
VPS29
VPS75
YIP3
YOP1
YRA1
YSC84
YSF3

